[DEBUG] 2023-10-30 14:32:03.361 [main] PackageRelationshipCollection - Parsing relationship: /xl/_rels/workbook.xml.rels
[DEBUG] 2023-10-30 14:32:03.365 [main] PackageRelationshipCollection - Parsing relationship: /xl/worksheets/_rels/sheet1.xml.rels
[DEBUG] 2023-10-30 14:32:03.366 [main] PackageRelationshipCollection - Parsing relationship: /xl/worksheets/_rels/sheet2.xml.rels
[DEBUG] 2023-10-30 14:32:03.367 [main] PackageRelationshipCollection - Parsing relationship: /_rels/.rels
[DEBUG] 2023-10-30 14:32:03.598 [main] POIXMLFactory - using default POIXMLDocumentPart for http://schemas.openxmlformats.org/officeDocument/2006/relationships/printerSettings
[DEBUG] 2023-10-30 14:32:03.598 [main] POIXMLFactory - using default POIXMLDocumentPart for http://schemas.openxmlformats.org/officeDocument/2006/relationships/printerSettings
[DEBUG] 2023-10-30 14:32:03.688 [main] PackageRelationshipCollection - Parsing relationship: /xl/_rels/workbook.xml.rels
[DEBUG] 2023-10-30 14:32:03.689 [main] PackageRelationshipCollection - Parsing relationship: /xl/worksheets/_rels/sheet1.xml.rels
[DEBUG] 2023-10-30 14:32:03.689 [main] PackageRelationshipCollection - Parsing relationship: /xl/worksheets/_rels/sheet2.xml.rels
[DEBUG] 2023-10-30 14:32:03.690 [main] PackageRelationshipCollection - Parsing relationship: /_rels/.rels
[DEBUG] 2023-10-30 14:32:03.698 [main] POIXMLFactory - using default POIXMLDocumentPart for http://schemas.openxmlformats.org/officeDocument/2006/relationships/printerSettings
[DEBUG] 2023-10-30 14:32:03.698 [main] POIXMLFactory - using default POIXMLDocumentPart for http://schemas.openxmlformats.org/officeDocument/2006/relationships/printerSettings
[DEBUG] 2023-10-30 14:32:03.777 [main] ZipPackage - Save core properties part
[DEBUG] 2023-10-30 14:32:03.777 [main] ZipPackage - Save content types part
[DEBUG] 2023-10-30 14:32:03.814 [main] ZipPackage - Save package relationships
[DEBUG] 2023-10-30 14:32:03.816 [main] ZipPackage - Save part 'docProps/app.xml'
[DEBUG] 2023-10-30 14:32:03.816 [main] ZipPackage - Save part 'docProps/core.xml'
[DEBUG] 2023-10-30 14:32:03.818 [main] ZipPackage - Save part 'xl/sharedStrings.xml'
[DEBUG] 2023-10-30 14:32:03.819 [main] ZipPackage - Save part 'xl/styles.xml'
[DEBUG] 2023-10-30 14:32:03.819 [main] ZipPackage - Save part 'xl/workbook.xml'
[DEBUG] 2023-10-30 14:32:03.820 [main] ZipPackage - Save part 'xl/worksheets/sheet1.xml'
[DEBUG] 2023-10-30 16:21:11.017 [main] PackageRelationshipCollection - Parsing relationship: /xl/_rels/workbook.xml.rels
[DEBUG] 2023-10-30 16:21:11.021 [main] PackageRelationshipCollection - Parsing relationship: /xl/worksheets/_rels/sheet1.xml.rels
[DEBUG] 2023-10-30 16:21:11.022 [main] PackageRelationshipCollection - Parsing relationship: /xl/worksheets/_rels/sheet2.xml.rels
[DEBUG] 2023-10-30 16:21:11.022 [main] PackageRelationshipCollection - Parsing relationship: /_rels/.rels
[DEBUG] 2023-10-30 16:21:11.247 [main] POIXMLFactory - using default POIXMLDocumentPart for http://schemas.openxmlformats.org/officeDocument/2006/relationships/printerSettings
[DEBUG] 2023-10-30 16:21:11.248 [main] POIXMLFactory - using default POIXMLDocumentPart for http://schemas.openxmlformats.org/officeDocument/2006/relationships/printerSettings
[DEBUG] 2023-10-30 16:21:11.310 [main] PackageRelationshipCollection - Parsing relationship: /xl/_rels/workbook.xml.rels
[DEBUG] 2023-10-30 16:21:11.311 [main] PackageRelationshipCollection - Parsing relationship: /xl/worksheets/_rels/sheet1.xml.rels
[DEBUG] 2023-10-30 16:21:11.311 [main] PackageRelationshipCollection - Parsing relationship: /xl/worksheets/_rels/sheet2.xml.rels
[DEBUG] 2023-10-30 16:21:11.312 [main] PackageRelationshipCollection - Parsing relationship: /_rels/.rels
[DEBUG] 2023-10-30 16:21:11.319 [main] POIXMLFactory - using default POIXMLDocumentPart for http://schemas.openxmlformats.org/officeDocument/2006/relationships/printerSettings
[DEBUG] 2023-10-30 16:21:11.320 [main] POIXMLFactory - using default POIXMLDocumentPart for http://schemas.openxmlformats.org/officeDocument/2006/relationships/printerSettings
[DEBUG] 2023-10-30 16:21:11.393 [main] ZipPackage - Save core properties part
[DEBUG] 2023-10-30 16:21:11.393 [main] ZipPackage - Save content types part
[DEBUG] 2023-10-30 16:21:11.432 [main] ZipPackage - Save package relationships
[DEBUG] 2023-10-30 16:21:11.434 [main] ZipPackage - Save part 'docProps/app.xml'
[DEBUG] 2023-10-30 16:21:11.434 [main] ZipPackage - Save part 'docProps/core.xml'
[DEBUG] 2023-10-30 16:21:11.436 [main] ZipPackage - Save part 'xl/sharedStrings.xml'
[DEBUG] 2023-10-30 16:21:11.436 [main] ZipPackage - Save part 'xl/styles.xml'
[DEBUG] 2023-10-30 16:21:11.437 [main] ZipPackage - Save part 'xl/workbook.xml'
[DEBUG] 2023-10-30 16:21:11.438 [main] ZipPackage - Save part 'xl/worksheets/sheet1.xml'
[DEBUG] 2023-10-30 17:15:20.117 [main] PackageRelationshipCollection - Parsing relationship: /xl/_rels/workbook.xml.rels
[DEBUG] 2023-10-30 17:15:20.122 [main] PackageRelationshipCollection - Parsing relationship: /xl/worksheets/_rels/sheet1.xml.rels
[DEBUG] 2023-10-30 17:15:20.123 [main] PackageRelationshipCollection - Parsing relationship: /xl/worksheets/_rels/sheet2.xml.rels
[DEBUG] 2023-10-30 17:15:20.124 [main] PackageRelationshipCollection - Parsing relationship: /_rels/.rels
[DEBUG] 2023-10-30 17:15:20.368 [main] POIXMLFactory - using default POIXMLDocumentPart for http://schemas.openxmlformats.org/officeDocument/2006/relationships/printerSettings
[DEBUG] 2023-10-30 17:15:20.368 [main] POIXMLFactory - using default POIXMLDocumentPart for http://schemas.openxmlformats.org/officeDocument/2006/relationships/printerSettings
[DEBUG] 2023-10-30 17:15:20.438 [main] PackageRelationshipCollection - Parsing relationship: /xl/_rels/workbook.xml.rels
[DEBUG] 2023-10-30 17:15:20.438 [main] PackageRelationshipCollection - Parsing relationship: /xl/worksheets/_rels/sheet1.xml.rels
[DEBUG] 2023-10-30 17:15:20.439 [main] PackageRelationshipCollection - Parsing relationship: /xl/worksheets/_rels/sheet2.xml.rels
[DEBUG] 2023-10-30 17:15:20.439 [main] PackageRelationshipCollection - Parsing relationship: /_rels/.rels
[DEBUG] 2023-10-30 17:15:20.447 [main] POIXMLFactory - using default POIXMLDocumentPart for http://schemas.openxmlformats.org/officeDocument/2006/relationships/printerSettings
[DEBUG] 2023-10-30 17:15:20.448 [main] POIXMLFactory - using default POIXMLDocumentPart for http://schemas.openxmlformats.org/officeDocument/2006/relationships/printerSettings
[DEBUG] 2023-10-30 17:15:20.524 [main] ZipPackage - Save core properties part
[DEBUG] 2023-10-30 17:15:20.524 [main] ZipPackage - Save content types part
[DEBUG] 2023-10-30 17:15:20.561 [main] ZipPackage - Save package relationships
[DEBUG] 2023-10-30 17:15:20.563 [main] ZipPackage - Save part 'docProps/app.xml'
[DEBUG] 2023-10-30 17:15:20.563 [main] ZipPackage - Save part 'docProps/core.xml'
[DEBUG] 2023-10-30 17:15:20.565 [main] ZipPackage - Save part 'xl/sharedStrings.xml'
[DEBUG] 2023-10-30 17:15:20.566 [main] ZipPackage - Save part 'xl/styles.xml'
[DEBUG] 2023-10-30 17:15:20.566 [main] ZipPackage - Save part 'xl/workbook.xml'
[DEBUG] 2023-10-30 17:15:20.567 [main] ZipPackage - Save part 'xl/worksheets/sheet1.xml'
[DEBUG] 2023-10-30 19:26:09.110 [main] PackageRelationshipCollection - Parsing relationship: /xl/_rels/workbook.xml.rels
[DEBUG] 2023-10-30 19:26:09.115 [main] PackageRelationshipCollection - Parsing relationship: /xl/worksheets/_rels/sheet1.xml.rels
[DEBUG] 2023-10-30 19:26:09.115 [main] PackageRelationshipCollection - Parsing relationship: /xl/worksheets/_rels/sheet2.xml.rels
[DEBUG] 2023-10-30 19:26:09.116 [main] PackageRelationshipCollection - Parsing relationship: /_rels/.rels
[DEBUG] 2023-10-30 19:26:09.350 [main] POIXMLFactory - using default POIXMLDocumentPart for http://schemas.openxmlformats.org/officeDocument/2006/relationships/printerSettings
[DEBUG] 2023-10-30 19:26:09.351 [main] POIXMLFactory - using default POIXMLDocumentPart for http://schemas.openxmlformats.org/officeDocument/2006/relationships/printerSettings
[DEBUG] 2023-10-30 19:26:09.414 [main] PackageRelationshipCollection - Parsing relationship: /xl/_rels/workbook.xml.rels
[DEBUG] 2023-10-30 19:26:09.415 [main] PackageRelationshipCollection - Parsing relationship: /xl/worksheets/_rels/sheet1.xml.rels
[DEBUG] 2023-10-30 19:26:09.415 [main] PackageRelationshipCollection - Parsing relationship: /xl/worksheets/_rels/sheet2.xml.rels
[DEBUG] 2023-10-30 19:26:09.416 [main] PackageRelationshipCollection - Parsing relationship: /_rels/.rels
[DEBUG] 2023-10-30 19:26:09.424 [main] POIXMLFactory - using default POIXMLDocumentPart for http://schemas.openxmlformats.org/officeDocument/2006/relationships/printerSettings
[DEBUG] 2023-10-30 19:26:09.424 [main] POIXMLFactory - using default POIXMLDocumentPart for http://schemas.openxmlformats.org/officeDocument/2006/relationships/printerSettings
[DEBUG] 2023-10-30 19:26:09.504 [main] ZipPackage - Save core properties part
[DEBUG] 2023-10-30 19:26:09.505 [main] ZipPackage - Save content types part
[DEBUG] 2023-10-30 19:26:09.546 [main] ZipPackage - Save package relationships
[DEBUG] 2023-10-30 19:26:09.549 [main] ZipPackage - Save part 'docProps/app.xml'
[DEBUG] 2023-10-30 19:26:09.549 [main] ZipPackage - Save part 'docProps/core.xml'
[DEBUG] 2023-10-30 19:26:09.551 [main] ZipPackage - Save part 'xl/sharedStrings.xml'
[DEBUG] 2023-10-30 19:26:09.551 [main] ZipPackage - Save part 'xl/styles.xml'
[DEBUG] 2023-10-30 19:26:09.551 [main] ZipPackage - Save part 'xl/workbook.xml'
[DEBUG] 2023-10-30 19:26:09.552 [main] ZipPackage - Save part 'xl/worksheets/sheet1.xml'
[DEBUG] 2023-11-06 19:22:22.342 [main] PackageRelationshipCollection - Parsing relationship: /xl/_rels/workbook.xml.rels
[DEBUG] 2023-11-06 19:22:22.346 [main] PackageRelationshipCollection - Parsing relationship: /xl/worksheets/_rels/sheet1.xml.rels
[DEBUG] 2023-11-06 19:22:22.347 [main] PackageRelationshipCollection - Parsing relationship: /xl/worksheets/_rels/sheet2.xml.rels
[DEBUG] 2023-11-06 19:22:22.348 [main] PackageRelationshipCollection - Parsing relationship: /_rels/.rels
[DEBUG] 2023-11-06 19:22:22.594 [main] POIXMLFactory - using default POIXMLDocumentPart for http://schemas.openxmlformats.org/officeDocument/2006/relationships/printerSettings
[DEBUG] 2023-11-06 19:22:22.594 [main] POIXMLFactory - using default POIXMLDocumentPart for http://schemas.openxmlformats.org/officeDocument/2006/relationships/printerSettings
[DEBUG] 2023-11-06 19:22:22.663 [main] PackageRelationshipCollection - Parsing relationship: /xl/_rels/workbook.xml.rels
[DEBUG] 2023-11-06 19:22:22.664 [main] PackageRelationshipCollection - Parsing relationship: /xl/worksheets/_rels/sheet1.xml.rels
[DEBUG] 2023-11-06 19:22:22.665 [main] PackageRelationshipCollection - Parsing relationship: /xl/worksheets/_rels/sheet2.xml.rels
[DEBUG] 2023-11-06 19:22:22.666 [main] PackageRelationshipCollection - Parsing relationship: /_rels/.rels
[DEBUG] 2023-11-06 19:22:22.674 [main] POIXMLFactory - using default POIXMLDocumentPart for http://schemas.openxmlformats.org/officeDocument/2006/relationships/printerSettings
[DEBUG] 2023-11-06 19:22:22.674 [main] POIXMLFactory - using default POIXMLDocumentPart for http://schemas.openxmlformats.org/officeDocument/2006/relationships/printerSettings
[DEBUG] 2023-11-06 19:22:22.759 [main] ZipPackage - Save core properties part
[DEBUG] 2023-11-06 19:22:22.759 [main] ZipPackage - Save content types part
[DEBUG] 2023-11-06 19:22:22.800 [main] ZipPackage - Save package relationships
[DEBUG] 2023-11-06 19:22:22.802 [main] ZipPackage - Save part 'docProps/app.xml'
[DEBUG] 2023-11-06 19:22:22.803 [main] ZipPackage - Save part 'docProps/core.xml'
[DEBUG] 2023-11-06 19:22:22.804 [main] ZipPackage - Save part 'xl/sharedStrings.xml'
[DEBUG] 2023-11-06 19:22:22.805 [main] ZipPackage - Save part 'xl/styles.xml'
[DEBUG] 2023-11-06 19:22:22.805 [main] ZipPackage - Save part 'xl/workbook.xml'
[DEBUG] 2023-11-06 19:22:22.806 [main] ZipPackage - Save part 'xl/worksheets/sheet1.xml'
[DEBUG] 2023-11-06 19:41:45.151 [main] PackageRelationshipCollection - Parsing relationship: /xl/_rels/workbook.xml.rels
[DEBUG] 2023-11-06 19:41:45.156 [main] PackageRelationshipCollection - Parsing relationship: /xl/worksheets/_rels/sheet1.xml.rels
[DEBUG] 2023-11-06 19:41:45.157 [main] PackageRelationshipCollection - Parsing relationship: /xl/worksheets/_rels/sheet2.xml.rels
[DEBUG] 2023-11-06 19:41:45.159 [main] PackageRelationshipCollection - Parsing relationship: /_rels/.rels
[DEBUG] 2023-11-06 19:41:45.404 [main] POIXMLFactory - using default POIXMLDocumentPart for http://schemas.openxmlformats.org/officeDocument/2006/relationships/printerSettings
[DEBUG] 2023-11-06 19:41:45.404 [main] POIXMLFactory - using default POIXMLDocumentPart for http://schemas.openxmlformats.org/officeDocument/2006/relationships/printerSettings
[DEBUG] 2023-11-06 19:41:45.479 [main] PackageRelationshipCollection - Parsing relationship: /xl/_rels/workbook.xml.rels
[DEBUG] 2023-11-06 19:41:45.480 [main] PackageRelationshipCollection - Parsing relationship: /xl/worksheets/_rels/sheet1.xml.rels
[DEBUG] 2023-11-06 19:41:45.480 [main] PackageRelationshipCollection - Parsing relationship: /xl/worksheets/_rels/sheet2.xml.rels
[DEBUG] 2023-11-06 19:41:45.481 [main] PackageRelationshipCollection - Parsing relationship: /_rels/.rels
[DEBUG] 2023-11-06 19:41:45.491 [main] POIXMLFactory - using default POIXMLDocumentPart for http://schemas.openxmlformats.org/officeDocument/2006/relationships/printerSettings
[DEBUG] 2023-11-06 19:41:45.491 [main] POIXMLFactory - using default POIXMLDocumentPart for http://schemas.openxmlformats.org/officeDocument/2006/relationships/printerSettings
[DEBUG] 2023-11-06 19:41:45.567 [main] ZipPackage - Save core properties part
[DEBUG] 2023-11-06 19:41:45.568 [main] ZipPackage - Save content types part
[DEBUG] 2023-11-06 19:41:45.606 [main] ZipPackage - Save package relationships
[DEBUG] 2023-11-06 19:41:45.609 [main] ZipPackage - Save part 'docProps/app.xml'
[DEBUG] 2023-11-06 19:41:45.609 [main] ZipPackage - Save part 'docProps/core.xml'
[DEBUG] 2023-11-06 19:41:45.611 [main] ZipPackage - Save part 'xl/sharedStrings.xml'
[DEBUG] 2023-11-06 19:41:45.611 [main] ZipPackage - Save part 'xl/styles.xml'
[DEBUG] 2023-11-06 19:41:45.611 [main] ZipPackage - Save part 'xl/workbook.xml'
[DEBUG] 2023-11-06 19:41:45.612 [main] ZipPackage - Save part 'xl/worksheets/sheet1.xml'
[DEBUG] 2023-11-06 19:45:46.979 [main] PackageRelationshipCollection - Parsing relationship: /xl/_rels/workbook.xml.rels
[DEBUG] 2023-11-06 19:45:46.983 [main] PackageRelationshipCollection - Parsing relationship: /xl/worksheets/_rels/sheet1.xml.rels
[DEBUG] 2023-11-06 19:45:46.984 [main] PackageRelationshipCollection - Parsing relationship: /xl/worksheets/_rels/sheet2.xml.rels
[DEBUG] 2023-11-06 19:45:46.984 [main] PackageRelationshipCollection - Parsing relationship: /_rels/.rels
[DEBUG] 2023-11-06 19:45:47.252 [main] POIXMLFactory - using default POIXMLDocumentPart for http://schemas.openxmlformats.org/officeDocument/2006/relationships/printerSettings
[DEBUG] 2023-11-06 19:45:47.253 [main] POIXMLFactory - using default POIXMLDocumentPart for http://schemas.openxmlformats.org/officeDocument/2006/relationships/printerSettings
[DEBUG] 2023-11-06 19:45:47.323 [main] PackageRelationshipCollection - Parsing relationship: /xl/_rels/workbook.xml.rels
[DEBUG] 2023-11-06 19:45:47.324 [main] PackageRelationshipCollection - Parsing relationship: /xl/worksheets/_rels/sheet1.xml.rels
[DEBUG] 2023-11-06 19:45:47.324 [main] PackageRelationshipCollection - Parsing relationship: /xl/worksheets/_rels/sheet2.xml.rels
[DEBUG] 2023-11-06 19:45:47.325 [main] PackageRelationshipCollection - Parsing relationship: /_rels/.rels
[DEBUG] 2023-11-06 19:45:47.334 [main] POIXMLFactory - using default POIXMLDocumentPart for http://schemas.openxmlformats.org/officeDocument/2006/relationships/printerSettings
[DEBUG] 2023-11-06 19:45:47.334 [main] POIXMLFactory - using default POIXMLDocumentPart for http://schemas.openxmlformats.org/officeDocument/2006/relationships/printerSettings
[DEBUG] 2023-11-06 19:45:47.423 [main] ZipPackage - Save core properties part
[DEBUG] 2023-11-06 19:45:47.424 [main] ZipPackage - Save content types part
[DEBUG] 2023-11-06 19:45:47.475 [main] ZipPackage - Save package relationships
[DEBUG] 2023-11-06 19:45:47.479 [main] ZipPackage - Save part 'docProps/app.xml'
[DEBUG] 2023-11-06 19:45:47.479 [main] ZipPackage - Save part 'docProps/core.xml'
[DEBUG] 2023-11-06 19:45:47.482 [main] ZipPackage - Save part 'xl/sharedStrings.xml'
[DEBUG] 2023-11-06 19:45:47.482 [main] ZipPackage - Save part 'xl/styles.xml'
[DEBUG] 2023-11-06 19:45:47.482 [main] ZipPackage - Save part 'xl/workbook.xml'
[DEBUG] 2023-11-06 19:45:47.483 [main] ZipPackage - Save part 'xl/worksheets/sheet1.xml'
[DEBUG] 2023-11-06 20:27:22.221 [main] PackageRelationshipCollection - Parsing relationship: /xl/_rels/workbook.xml.rels
[DEBUG] 2023-11-06 20:27:22.226 [main] PackageRelationshipCollection - Parsing relationship: /xl/worksheets/_rels/sheet1.xml.rels
[DEBUG] 2023-11-06 20:27:22.227 [main] PackageRelationshipCollection - Parsing relationship: /xl/worksheets/_rels/sheet2.xml.rels
[DEBUG] 2023-11-06 20:27:22.228 [main] PackageRelationshipCollection - Parsing relationship: /_rels/.rels
[DEBUG] 2023-11-06 20:27:22.496 [main] POIXMLFactory - using default POIXMLDocumentPart for http://schemas.openxmlformats.org/officeDocument/2006/relationships/printerSettings
[DEBUG] 2023-11-06 20:27:22.497 [main] POIXMLFactory - using default POIXMLDocumentPart for http://schemas.openxmlformats.org/officeDocument/2006/relationships/printerSettings
[DEBUG] 2023-11-06 20:27:22.566 [main] PackageRelationshipCollection - Parsing relationship: /xl/_rels/workbook.xml.rels
[DEBUG] 2023-11-06 20:27:22.568 [main] PackageRelationshipCollection - Parsing relationship: /xl/worksheets/_rels/sheet1.xml.rels
[DEBUG] 2023-11-06 20:27:22.568 [main] PackageRelationshipCollection - Parsing relationship: /xl/worksheets/_rels/sheet2.xml.rels
[DEBUG] 2023-11-06 20:27:22.569 [main] PackageRelationshipCollection - Parsing relationship: /_rels/.rels
[DEBUG] 2023-11-06 20:27:22.578 [main] POIXMLFactory - using default POIXMLDocumentPart for http://schemas.openxmlformats.org/officeDocument/2006/relationships/printerSettings
[DEBUG] 2023-11-06 20:27:22.578 [main] POIXMLFactory - using default POIXMLDocumentPart for http://schemas.openxmlformats.org/officeDocument/2006/relationships/printerSettings
[DEBUG] 2023-11-06 20:27:22.669 [main] ZipPackage - Save core properties part
[DEBUG] 2023-11-06 20:27:22.669 [main] ZipPackage - Save content types part
[DEBUG] 2023-11-06 20:27:22.716 [main] ZipPackage - Save package relationships
[DEBUG] 2023-11-06 20:27:22.719 [main] ZipPackage - Save part 'docProps/app.xml'
[DEBUG] 2023-11-06 20:27:22.720 [main] ZipPackage - Save part 'docProps/core.xml'
[DEBUG] 2023-11-06 20:27:22.722 [main] ZipPackage - Save part 'xl/sharedStrings.xml'
[DEBUG] 2023-11-06 20:27:22.722 [main] ZipPackage - Save part 'xl/styles.xml'
[DEBUG] 2023-11-06 20:27:22.723 [main] ZipPackage - Save part 'xl/workbook.xml'
[DEBUG] 2023-11-06 20:27:22.724 [main] ZipPackage - Save part 'xl/worksheets/sheet1.xml'
[DEBUG] 2023-11-06 20:42:30.881 [main] PackageRelationshipCollection - Parsing relationship: /xl/_rels/workbook.xml.rels
[DEBUG] 2023-11-06 20:42:30.885 [main] PackageRelationshipCollection - Parsing relationship: /xl/worksheets/_rels/sheet1.xml.rels
[DEBUG] 2023-11-06 20:42:30.886 [main] PackageRelationshipCollection - Parsing relationship: /xl/worksheets/_rels/sheet2.xml.rels
[DEBUG] 2023-11-06 20:42:30.887 [main] PackageRelationshipCollection - Parsing relationship: /_rels/.rels
[DEBUG] 2023-11-06 20:42:31.166 [main] POIXMLFactory - using default POIXMLDocumentPart for http://schemas.openxmlformats.org/officeDocument/2006/relationships/printerSettings
[DEBUG] 2023-11-06 20:42:31.166 [main] POIXMLFactory - using default POIXMLDocumentPart for http://schemas.openxmlformats.org/officeDocument/2006/relationships/printerSettings
[DEBUG] 2023-11-06 20:42:31.241 [main] PackageRelationshipCollection - Parsing relationship: /xl/_rels/workbook.xml.rels
[DEBUG] 2023-11-06 20:42:31.242 [main] PackageRelationshipCollection - Parsing relationship: /xl/worksheets/_rels/sheet1.xml.rels
[DEBUG] 2023-11-06 20:42:31.243 [main] PackageRelationshipCollection - Parsing relationship: /xl/worksheets/_rels/sheet2.xml.rels
[DEBUG] 2023-11-06 20:42:31.243 [main] PackageRelationshipCollection - Parsing relationship: /_rels/.rels
[DEBUG] 2023-11-06 20:42:31.251 [main] POIXMLFactory - using default POIXMLDocumentPart for http://schemas.openxmlformats.org/officeDocument/2006/relationships/printerSettings
[DEBUG] 2023-11-06 20:42:31.251 [main] POIXMLFactory - using default POIXMLDocumentPart for http://schemas.openxmlformats.org/officeDocument/2006/relationships/printerSettings
[DEBUG] 2023-11-06 20:42:31.342 [main] ZipPackage - Save core properties part
[DEBUG] 2023-11-06 20:42:31.342 [main] ZipPackage - Save content types part
[DEBUG] 2023-11-06 20:42:31.390 [main] ZipPackage - Save package relationships
[DEBUG] 2023-11-06 20:42:31.394 [main] ZipPackage - Save part 'docProps/app.xml'
[DEBUG] 2023-11-06 20:42:31.394 [main] ZipPackage - Save part 'docProps/core.xml'
[DEBUG] 2023-11-06 20:42:31.396 [main] ZipPackage - Save part 'xl/sharedStrings.xml'
[DEBUG] 2023-11-06 20:42:31.397 [main] ZipPackage - Save part 'xl/styles.xml'
[DEBUG] 2023-11-06 20:42:31.397 [main] ZipPackage - Save part 'xl/workbook.xml'
[DEBUG] 2023-11-06 20:42:31.398 [main] ZipPackage - Save part 'xl/worksheets/sheet1.xml'
[DEBUG] 2023-11-06 20:46:02.118 [main] PackageRelationshipCollection - Parsing relationship: /xl/_rels/workbook.xml.rels
[DEBUG] 2023-11-06 20:46:02.123 [main] PackageRelationshipCollection - Parsing relationship: /xl/worksheets/_rels/sheet1.xml.rels
[DEBUG] 2023-11-06 20:46:02.125 [main] PackageRelationshipCollection - Parsing relationship: /xl/worksheets/_rels/sheet2.xml.rels
[DEBUG] 2023-11-06 20:46:02.127 [main] PackageRelationshipCollection - Parsing relationship: /_rels/.rels
[DEBUG] 2023-11-06 20:46:02.396 [main] POIXMLFactory - using default POIXMLDocumentPart for http://schemas.openxmlformats.org/officeDocument/2006/relationships/printerSettings
[DEBUG] 2023-11-06 20:46:02.396 [main] POIXMLFactory - using default POIXMLDocumentPart for http://schemas.openxmlformats.org/officeDocument/2006/relationships/printerSettings
[DEBUG] 2023-11-06 20:46:02.475 [main] PackageRelationshipCollection - Parsing relationship: /xl/_rels/workbook.xml.rels
[DEBUG] 2023-11-06 20:46:02.475 [main] PackageRelationshipCollection - Parsing relationship: /xl/worksheets/_rels/sheet1.xml.rels
[DEBUG] 2023-11-06 20:46:02.476 [main] PackageRelationshipCollection - Parsing relationship: /xl/worksheets/_rels/sheet2.xml.rels
[DEBUG] 2023-11-06 20:46:02.477 [main] PackageRelationshipCollection - Parsing relationship: /_rels/.rels
[DEBUG] 2023-11-06 20:46:02.486 [main] POIXMLFactory - using default POIXMLDocumentPart for http://schemas.openxmlformats.org/officeDocument/2006/relationships/printerSettings
[DEBUG] 2023-11-06 20:46:02.486 [main] POIXMLFactory - using default POIXMLDocumentPart for http://schemas.openxmlformats.org/officeDocument/2006/relationships/printerSettings
[DEBUG] 2023-11-06 20:46:02.571 [main] ZipPackage - Save core properties part
[DEBUG] 2023-11-06 20:46:02.572 [main] ZipPackage - Save content types part
[DEBUG] 2023-11-06 20:46:02.614 [main] ZipPackage - Save package relationships
[DEBUG] 2023-11-06 20:46:02.617 [main] ZipPackage - Save part 'docProps/app.xml'
[DEBUG] 2023-11-06 20:46:02.618 [main] ZipPackage - Save part 'docProps/core.xml'
[DEBUG] 2023-11-06 20:46:02.620 [main] ZipPackage - Save part 'xl/sharedStrings.xml'
[DEBUG] 2023-11-06 20:46:02.620 [main] ZipPackage - Save part 'xl/styles.xml'
[DEBUG] 2023-11-06 20:46:02.620 [main] ZipPackage - Save part 'xl/workbook.xml'
[DEBUG] 2023-11-06 20:46:02.621 [main] ZipPackage - Save part 'xl/worksheets/sheet1.xml'
[DEBUG] 2023-11-06 20:52:09.405 [main] PackageRelationshipCollection - Parsing relationship: /xl/_rels/workbook.xml.rels
[DEBUG] 2023-11-06 20:52:09.409 [main] PackageRelationshipCollection - Parsing relationship: /xl/worksheets/_rels/sheet1.xml.rels
[DEBUG] 2023-11-06 20:52:09.410 [main] PackageRelationshipCollection - Parsing relationship: /xl/worksheets/_rels/sheet2.xml.rels
[DEBUG] 2023-11-06 20:52:09.411 [main] PackageRelationshipCollection - Parsing relationship: /_rels/.rels
[DEBUG] 2023-11-06 20:52:09.668 [main] POIXMLFactory - using default POIXMLDocumentPart for http://schemas.openxmlformats.org/officeDocument/2006/relationships/printerSettings
[DEBUG] 2023-11-06 20:52:09.668 [main] POIXMLFactory - using default POIXMLDocumentPart for http://schemas.openxmlformats.org/officeDocument/2006/relationships/printerSettings
[DEBUG] 2023-11-06 20:52:09.739 [main] PackageRelationshipCollection - Parsing relationship: /xl/_rels/workbook.xml.rels
[DEBUG] 2023-11-06 20:52:09.740 [main] PackageRelationshipCollection - Parsing relationship: /xl/worksheets/_rels/sheet1.xml.rels
[DEBUG] 2023-11-06 20:52:09.741 [main] PackageRelationshipCollection - Parsing relationship: /xl/worksheets/_rels/sheet2.xml.rels
[DEBUG] 2023-11-06 20:52:09.742 [main] PackageRelationshipCollection - Parsing relationship: /_rels/.rels
[DEBUG] 2023-11-06 20:52:09.751 [main] POIXMLFactory - using default POIXMLDocumentPart for http://schemas.openxmlformats.org/officeDocument/2006/relationships/printerSettings
[DEBUG] 2023-11-06 20:52:09.751 [main] POIXMLFactory - using default POIXMLDocumentPart for http://schemas.openxmlformats.org/officeDocument/2006/relationships/printerSettings
[DEBUG] 2023-11-06 20:52:09.842 [main] ZipPackage - Save core properties part
[DEBUG] 2023-11-06 20:52:09.842 [main] ZipPackage - Save content types part
[DEBUG] 2023-11-06 20:52:09.891 [main] ZipPackage - Save package relationships
[DEBUG] 2023-11-06 20:52:09.894 [main] ZipPackage - Save part 'docProps/app.xml'
[DEBUG] 2023-11-06 20:52:09.894 [main] ZipPackage - Save part 'docProps/core.xml'
[DEBUG] 2023-11-06 20:52:09.897 [main] ZipPackage - Save part 'xl/sharedStrings.xml'
[DEBUG] 2023-11-06 20:52:09.898 [main] ZipPackage - Save part 'xl/styles.xml'
[DEBUG] 2023-11-06 20:52:09.898 [main] ZipPackage - Save part 'xl/workbook.xml'
[DEBUG] 2023-11-06 20:52:09.899 [main] ZipPackage - Save part 'xl/worksheets/sheet1.xml'
[DEBUG] 2023-11-06 21:58:14.356 [main] PackageRelationshipCollection - Parsing relationship: /xl/_rels/workbook.xml.rels
[DEBUG] 2023-11-06 21:58:14.359 [main] PackageRelationshipCollection - Parsing relationship: /xl/worksheets/_rels/sheet1.xml.rels
[DEBUG] 2023-11-06 21:58:14.360 [main] PackageRelationshipCollection - Parsing relationship: /xl/worksheets/_rels/sheet2.xml.rels
[DEBUG] 2023-11-06 21:58:14.361 [main] PackageRelationshipCollection - Parsing relationship: /_rels/.rels
[DEBUG] 2023-11-06 21:58:14.602 [main] POIXMLFactory - using default POIXMLDocumentPart for http://schemas.openxmlformats.org/officeDocument/2006/relationships/printerSettings
[DEBUG] 2023-11-06 21:58:14.603 [main] POIXMLFactory - using default POIXMLDocumentPart for http://schemas.openxmlformats.org/officeDocument/2006/relationships/printerSettings
[DEBUG] 2023-11-06 21:58:14.691 [main] PackageRelationshipCollection - Parsing relationship: /xl/_rels/workbook.xml.rels
[DEBUG] 2023-11-06 21:58:14.692 [main] PackageRelationshipCollection - Parsing relationship: /xl/worksheets/_rels/sheet1.xml.rels
[DEBUG] 2023-11-06 21:58:14.693 [main] PackageRelationshipCollection - Parsing relationship: /xl/worksheets/_rels/sheet2.xml.rels
[DEBUG] 2023-11-06 21:58:14.693 [main] PackageRelationshipCollection - Parsing relationship: /_rels/.rels
[DEBUG] 2023-11-06 21:58:14.702 [main] POIXMLFactory - using default POIXMLDocumentPart for http://schemas.openxmlformats.org/officeDocument/2006/relationships/printerSettings
[DEBUG] 2023-11-06 21:58:14.702 [main] POIXMLFactory - using default POIXMLDocumentPart for http://schemas.openxmlformats.org/officeDocument/2006/relationships/printerSettings
[DEBUG] 2023-11-06 21:58:14.795 [main] ZipPackage - Save core properties part
[DEBUG] 2023-11-06 21:58:14.796 [main] ZipPackage - Save content types part
[DEBUG] 2023-11-06 21:58:14.837 [main] ZipPackage - Save package relationships
[DEBUG] 2023-11-06 21:58:14.839 [main] ZipPackage - Save part 'docProps/app.xml'
[DEBUG] 2023-11-06 21:58:14.840 [main] ZipPackage - Save part 'docProps/core.xml'
[DEBUG] 2023-11-06 21:58:14.841 [main] ZipPackage - Save part 'xl/sharedStrings.xml'
[DEBUG] 2023-11-06 21:58:14.842 [main] ZipPackage - Save part 'xl/styles.xml'
[DEBUG] 2023-11-06 21:58:14.842 [main] ZipPackage - Save part 'xl/workbook.xml'
[DEBUG] 2023-11-06 21:58:14.843 [main] ZipPackage - Save part 'xl/worksheets/sheet1.xml'
[DEBUG] 2023-11-07 09:38:04.773 [main] PackageRelationshipCollection - Parsing relationship: /xl/_rels/workbook.xml.rels
[DEBUG] 2023-11-07 09:38:04.776 [main] PackageRelationshipCollection - Parsing relationship: /xl/worksheets/_rels/sheet1.xml.rels
[DEBUG] 2023-11-07 09:38:04.778 [main] PackageRelationshipCollection - Parsing relationship: /xl/worksheets/_rels/sheet2.xml.rels
[DEBUG] 2023-11-07 09:38:04.779 [main] PackageRelationshipCollection - Parsing relationship: /_rels/.rels
[DEBUG] 2023-11-07 09:38:05.013 [main] POIXMLFactory - using default POIXMLDocumentPart for http://schemas.openxmlformats.org/officeDocument/2006/relationships/printerSettings
[DEBUG] 2023-11-07 09:38:05.013 [main] POIXMLFactory - using default POIXMLDocumentPart for http://schemas.openxmlformats.org/officeDocument/2006/relationships/printerSettings
[DEBUG] 2023-11-07 09:38:05.079 [main] PackageRelationshipCollection - Parsing relationship: /xl/_rels/workbook.xml.rels
[DEBUG] 2023-11-07 09:38:05.080 [main] PackageRelationshipCollection - Parsing relationship: /xl/worksheets/_rels/sheet1.xml.rels
[DEBUG] 2023-11-07 09:38:05.081 [main] PackageRelationshipCollection - Parsing relationship: /xl/worksheets/_rels/sheet2.xml.rels
[DEBUG] 2023-11-07 09:38:05.081 [main] PackageRelationshipCollection - Parsing relationship: /_rels/.rels
[DEBUG] 2023-11-07 09:38:05.090 [main] POIXMLFactory - using default POIXMLDocumentPart for http://schemas.openxmlformats.org/officeDocument/2006/relationships/printerSettings
[DEBUG] 2023-11-07 09:38:05.091 [main] POIXMLFactory - using default POIXMLDocumentPart for http://schemas.openxmlformats.org/officeDocument/2006/relationships/printerSettings
[DEBUG] 2023-11-07 09:38:05.169 [main] ZipPackage - Save core properties part
[DEBUG] 2023-11-07 09:38:05.169 [main] ZipPackage - Save content types part
[DEBUG] 2023-11-07 09:38:05.208 [main] ZipPackage - Save package relationships
[DEBUG] 2023-11-07 09:38:05.210 [main] ZipPackage - Save part 'docProps/app.xml'
[DEBUG] 2023-11-07 09:38:05.211 [main] ZipPackage - Save part 'docProps/core.xml'
[DEBUG] 2023-11-07 09:38:05.212 [main] ZipPackage - Save part 'xl/sharedStrings.xml'
[DEBUG] 2023-11-07 09:38:05.213 [main] ZipPackage - Save part 'xl/styles.xml'
[DEBUG] 2023-11-07 09:38:05.213 [main] ZipPackage - Save part 'xl/workbook.xml'
[DEBUG] 2023-11-07 09:38:05.214 [main] ZipPackage - Save part 'xl/worksheets/sheet1.xml'
[DEBUG] 2023-11-07 09:38:12.154 [main] PackageRelationshipCollection - Parsing relationship: /xl/_rels/workbook.xml.rels
[DEBUG] 2023-11-07 09:38:12.168 [main] PackageRelationshipCollection - Parsing relationship: /xl/worksheets/_rels/sheet1.xml.rels
[DEBUG] 2023-11-07 09:38:12.174 [main] PackageRelationshipCollection - Parsing relationship: /xl/worksheets/_rels/sheet2.xml.rels
[DEBUG] 2023-11-07 09:38:12.179 [main] PackageRelationshipCollection - Parsing relationship: /_rels/.rels
[DEBUG] 2023-11-07 09:38:13.827 [main] POIXMLFactory - using default POIXMLDocumentPart for http://schemas.openxmlformats.org/officeDocument/2006/relationships/printerSettings
[DEBUG] 2023-11-07 09:38:13.828 [main] POIXMLFactory - using default POIXMLDocumentPart for http://schemas.openxmlformats.org/officeDocument/2006/relationships/printerSettings
[DEBUG] 2023-11-07 09:38:14.276 [main] PackageRelationshipCollection - Parsing relationship: /xl/_rels/workbook.xml.rels
[DEBUG] 2023-11-07 09:38:14.284 [main] PackageRelationshipCollection - Parsing relationship: /xl/worksheets/_rels/sheet1.xml.rels
[DEBUG] 2023-11-07 09:38:14.289 [main] PackageRelationshipCollection - Parsing relationship: /xl/worksheets/_rels/sheet2.xml.rels
[DEBUG] 2023-11-07 09:38:14.294 [main] PackageRelationshipCollection - Parsing relationship: /_rels/.rels
[DEBUG] 2023-11-07 09:38:14.383 [main] POIXMLFactory - using default POIXMLDocumentPart for http://schemas.openxmlformats.org/officeDocument/2006/relationships/printerSettings
[DEBUG] 2023-11-07 09:38:14.384 [main] POIXMLFactory - using default POIXMLDocumentPart for http://schemas.openxmlformats.org/officeDocument/2006/relationships/printerSettings
[DEBUG] 2023-11-07 09:38:14.994 [main] ZipPackage - Save core properties part
[DEBUG] 2023-11-07 09:38:14.995 [main] ZipPackage - Save content types part
[DEBUG] 2023-11-07 09:38:16.190 [main] ZipPackage - Save package relationships
[DEBUG] 2023-11-07 09:38:16.197 [main] ZipPackage - Save part 'docProps/app.xml'
[DEBUG] 2023-11-07 09:38:16.198 [main] ZipPackage - Save part 'docProps/core.xml'
[DEBUG] 2023-11-07 09:38:16.204 [main] ZipPackage - Save part 'xl/sharedStrings.xml'
[DEBUG] 2023-11-07 09:38:16.204 [main] ZipPackage - Save part 'xl/styles.xml'
[DEBUG] 2023-11-07 09:38:16.205 [main] ZipPackage - Save part 'xl/workbook.xml'
[DEBUG] 2023-11-07 09:38:16.209 [main] ZipPackage - Save part 'xl/worksheets/sheet1.xml'
[DEBUG] 2023-11-07 09:41:24.589 [main] PackageRelationshipCollection - Parsing relationship: /xl/_rels/workbook.xml.rels
[DEBUG] 2023-11-07 09:41:24.594 [main] PackageRelationshipCollection - Parsing relationship: /xl/worksheets/_rels/sheet1.xml.rels
[DEBUG] 2023-11-07 09:41:24.595 [main] PackageRelationshipCollection - Parsing relationship: /xl/worksheets/_rels/sheet2.xml.rels
[DEBUG] 2023-11-07 09:41:24.596 [main] PackageRelationshipCollection - Parsing relationship: /_rels/.rels
[DEBUG] 2023-11-07 09:41:24.832 [main] POIXMLFactory - using default POIXMLDocumentPart for http://schemas.openxmlformats.org/officeDocument/2006/relationships/printerSettings
[DEBUG] 2023-11-07 09:41:24.832 [main] POIXMLFactory - using default POIXMLDocumentPart for http://schemas.openxmlformats.org/officeDocument/2006/relationships/printerSettings
[DEBUG] 2023-11-07 09:41:24.899 [main] PackageRelationshipCollection - Parsing relationship: /xl/_rels/workbook.xml.rels
[DEBUG] 2023-11-07 09:41:24.900 [main] PackageRelationshipCollection - Parsing relationship: /xl/worksheets/_rels/sheet1.xml.rels
[DEBUG] 2023-11-07 09:41:24.901 [main] PackageRelationshipCollection - Parsing relationship: /xl/worksheets/_rels/sheet2.xml.rels
[DEBUG] 2023-11-07 09:41:24.901 [main] PackageRelationshipCollection - Parsing relationship: /_rels/.rels
[DEBUG] 2023-11-07 09:41:24.909 [main] POIXMLFactory - using default POIXMLDocumentPart for http://schemas.openxmlformats.org/officeDocument/2006/relationships/printerSettings
[DEBUG] 2023-11-07 09:41:24.910 [main] POIXMLFactory - using default POIXMLDocumentPart for http://schemas.openxmlformats.org/officeDocument/2006/relationships/printerSettings
[DEBUG] 2023-11-07 09:41:24.989 [main] ZipPackage - Save core properties part
[DEBUG] 2023-11-07 09:41:24.990 [main] ZipPackage - Save content types part
[DEBUG] 2023-11-07 09:41:25.028 [main] ZipPackage - Save package relationships
[DEBUG] 2023-11-07 09:41:25.030 [main] ZipPackage - Save part 'docProps/app.xml'
[DEBUG] 2023-11-07 09:41:25.031 [main] ZipPackage - Save part 'docProps/core.xml'
[DEBUG] 2023-11-07 09:41:25.032 [main] ZipPackage - Save part 'xl/sharedStrings.xml'
[DEBUG] 2023-11-07 09:41:25.033 [main] ZipPackage - Save part 'xl/styles.xml'
[DEBUG] 2023-11-07 09:41:25.033 [main] ZipPackage - Save part 'xl/workbook.xml'
[DEBUG] 2023-11-07 09:41:25.034 [main] ZipPackage - Save part 'xl/worksheets/sheet1.xml'
[DEBUG] 2023-11-07 13:17:47.831 [main] PackageRelationshipCollection - Parsing relationship: /xl/_rels/workbook.xml.rels
[DEBUG] 2023-11-07 13:17:47.846 [main] PackageRelationshipCollection - Parsing relationship: /xl/worksheets/_rels/sheet1.xml.rels
[DEBUG] 2023-11-07 13:17:47.852 [main] PackageRelationshipCollection - Parsing relationship: /xl/worksheets/_rels/sheet2.xml.rels
[DEBUG] 2023-11-07 13:17:47.857 [main] PackageRelationshipCollection - Parsing relationship: /_rels/.rels
[DEBUG] 2023-11-07 13:17:49.539 [main] POIXMLFactory - using default POIXMLDocumentPart for http://schemas.openxmlformats.org/officeDocument/2006/relationships/printerSettings
[DEBUG] 2023-11-07 13:17:49.540 [main] POIXMLFactory - using default POIXMLDocumentPart for http://schemas.openxmlformats.org/officeDocument/2006/relationships/printerSettings
[DEBUG] 2023-11-07 13:17:50.023 [main] PackageRelationshipCollection - Parsing relationship: /xl/_rels/workbook.xml.rels
[DEBUG] 2023-11-07 13:17:50.030 [main] PackageRelationshipCollection - Parsing relationship: /xl/worksheets/_rels/sheet1.xml.rels
[DEBUG] 2023-11-07 13:17:50.036 [main] PackageRelationshipCollection - Parsing relationship: /xl/worksheets/_rels/sheet2.xml.rels
[DEBUG] 2023-11-07 13:17:50.041 [main] PackageRelationshipCollection - Parsing relationship: /_rels/.rels
[DEBUG] 2023-11-07 13:17:50.131 [main] POIXMLFactory - using default POIXMLDocumentPart for http://schemas.openxmlformats.org/officeDocument/2006/relationships/printerSettings
[DEBUG] 2023-11-07 13:17:50.132 [main] POIXMLFactory - using default POIXMLDocumentPart for http://schemas.openxmlformats.org/officeDocument/2006/relationships/printerSettings
[DEBUG] 2023-11-07 13:17:50.765 [main] ZipPackage - Save core properties part
[DEBUG] 2023-11-07 13:17:50.766 [main] ZipPackage - Save content types part
[DEBUG] 2023-11-07 13:17:51.988 [main] ZipPackage - Save package relationships
[DEBUG] 2023-11-07 13:17:51.995 [main] ZipPackage - Save part 'docProps/app.xml'
[DEBUG] 2023-11-07 13:17:51.996 [main] ZipPackage - Save part 'docProps/core.xml'
[DEBUG] 2023-11-07 13:17:52.002 [main] ZipPackage - Save part 'xl/sharedStrings.xml'
[DEBUG] 2023-11-07 13:17:52.002 [main] ZipPackage - Save part 'xl/styles.xml'
[DEBUG] 2023-11-07 13:17:52.003 [main] ZipPackage - Save part 'xl/workbook.xml'
[DEBUG] 2023-11-07 13:17:52.008 [main] ZipPackage - Save part 'xl/worksheets/sheet1.xml'
[DEBUG] 2023-11-07 13:34:50.073 [main] PackageRelationshipCollection - Parsing relationship: /xl/_rels/workbook.xml.rels
[DEBUG] 2023-11-07 13:34:50.076 [main] PackageRelationshipCollection - Parsing relationship: /xl/worksheets/_rels/sheet1.xml.rels
[DEBUG] 2023-11-07 13:34:50.078 [main] PackageRelationshipCollection - Parsing relationship: /xl/worksheets/_rels/sheet2.xml.rels
[DEBUG] 2023-11-07 13:34:50.079 [main] PackageRelationshipCollection - Parsing relationship: /_rels/.rels
[DEBUG] 2023-11-07 13:34:50.322 [main] POIXMLFactory - using default POIXMLDocumentPart for http://schemas.openxmlformats.org/officeDocument/2006/relationships/printerSettings
[DEBUG] 2023-11-07 13:34:50.323 [main] POIXMLFactory - using default POIXMLDocumentPart for http://schemas.openxmlformats.org/officeDocument/2006/relationships/printerSettings
[DEBUG] 2023-11-07 13:34:50.399 [main] PackageRelationshipCollection - Parsing relationship: /xl/_rels/workbook.xml.rels
[DEBUG] 2023-11-07 13:34:50.400 [main] PackageRelationshipCollection - Parsing relationship: /xl/worksheets/_rels/sheet1.xml.rels
[DEBUG] 2023-11-07 13:34:50.400 [main] PackageRelationshipCollection - Parsing relationship: /xl/worksheets/_rels/sheet2.xml.rels
[DEBUG] 2023-11-07 13:34:50.401 [main] PackageRelationshipCollection - Parsing relationship: /_rels/.rels
[DEBUG] 2023-11-07 13:34:50.410 [main] POIXMLFactory - using default POIXMLDocumentPart for http://schemas.openxmlformats.org/officeDocument/2006/relationships/printerSettings
[DEBUG] 2023-11-07 13:34:50.410 [main] POIXMLFactory - using default POIXMLDocumentPart for http://schemas.openxmlformats.org/officeDocument/2006/relationships/printerSettings
[DEBUG] 2023-11-07 13:34:50.495 [main] ZipPackage - Save core properties part
[DEBUG] 2023-11-07 13:34:50.495 [main] ZipPackage - Save content types part
[DEBUG] 2023-11-07 13:34:50.545 [main] ZipPackage - Save package relationships
[DEBUG] 2023-11-07 13:34:50.548 [main] ZipPackage - Save part 'docProps/app.xml'
[DEBUG] 2023-11-07 13:34:50.548 [main] ZipPackage - Save part 'docProps/core.xml'
[DEBUG] 2023-11-07 13:34:50.550 [main] ZipPackage - Save part 'xl/sharedStrings.xml'
[DEBUG] 2023-11-07 13:34:50.551 [main] ZipPackage - Save part 'xl/styles.xml'
[DEBUG] 2023-11-07 13:34:50.551 [main] ZipPackage - Save part 'xl/workbook.xml'
[DEBUG] 2023-11-07 13:34:50.552 [main] ZipPackage - Save part 'xl/worksheets/sheet1.xml'
[DEBUG] 2023-11-07 13:38:54.398 [main] PackageRelationshipCollection - Parsing relationship: /xl/_rels/workbook.xml.rels
[DEBUG] 2023-11-07 13:38:54.402 [main] PackageRelationshipCollection - Parsing relationship: /xl/worksheets/_rels/sheet1.xml.rels
[DEBUG] 2023-11-07 13:38:54.404 [main] PackageRelationshipCollection - Parsing relationship: /xl/worksheets/_rels/sheet2.xml.rels
[DEBUG] 2023-11-07 13:38:54.405 [main] PackageRelationshipCollection - Parsing relationship: /_rels/.rels
[DEBUG] 2023-11-07 13:38:54.636 [main] POIXMLFactory - using default POIXMLDocumentPart for http://schemas.openxmlformats.org/officeDocument/2006/relationships/printerSettings
[DEBUG] 2023-11-07 13:38:54.637 [main] POIXMLFactory - using default POIXMLDocumentPart for http://schemas.openxmlformats.org/officeDocument/2006/relationships/printerSettings
[DEBUG] 2023-11-07 13:38:54.707 [main] PackageRelationshipCollection - Parsing relationship: /xl/_rels/workbook.xml.rels
[DEBUG] 2023-11-07 13:38:54.708 [main] PackageRelationshipCollection - Parsing relationship: /xl/worksheets/_rels/sheet1.xml.rels
[DEBUG] 2023-11-07 13:38:54.708 [main] PackageRelationshipCollection - Parsing relationship: /xl/worksheets/_rels/sheet2.xml.rels
[DEBUG] 2023-11-07 13:38:54.709 [main] PackageRelationshipCollection - Parsing relationship: /_rels/.rels
[DEBUG] 2023-11-07 13:38:54.717 [main] POIXMLFactory - using default POIXMLDocumentPart for http://schemas.openxmlformats.org/officeDocument/2006/relationships/printerSettings
[DEBUG] 2023-11-07 13:38:54.717 [main] POIXMLFactory - using default POIXMLDocumentPart for http://schemas.openxmlformats.org/officeDocument/2006/relationships/printerSettings
[DEBUG] 2023-11-07 13:38:54.797 [main] ZipPackage - Save core properties part
[DEBUG] 2023-11-07 13:38:54.797 [main] ZipPackage - Save content types part
[DEBUG] 2023-11-07 13:38:54.845 [main] ZipPackage - Save package relationships
[DEBUG] 2023-11-07 13:38:54.848 [main] ZipPackage - Save part 'docProps/app.xml'
[DEBUG] 2023-11-07 13:38:54.849 [main] ZipPackage - Save part 'docProps/core.xml'
[DEBUG] 2023-11-07 13:38:54.851 [main] ZipPackage - Save part 'xl/sharedStrings.xml'
[DEBUG] 2023-11-07 13:38:54.851 [main] ZipPackage - Save part 'xl/styles.xml'
[DEBUG] 2023-11-07 13:38:54.851 [main] ZipPackage - Save part 'xl/workbook.xml'
[DEBUG] 2023-11-07 13:38:54.852 [main] ZipPackage - Save part 'xl/worksheets/sheet1.xml'
[DEBUG] 2023-11-07 13:41:01.922 [main] PackageRelationshipCollection - Parsing relationship: /xl/_rels/workbook.xml.rels
[DEBUG] 2023-11-07 13:41:01.927 [main] PackageRelationshipCollection - Parsing relationship: /xl/worksheets/_rels/sheet1.xml.rels
[DEBUG] 2023-11-07 13:41:01.928 [main] PackageRelationshipCollection - Parsing relationship: /xl/worksheets/_rels/sheet2.xml.rels
[DEBUG] 2023-11-07 13:41:01.929 [main] PackageRelationshipCollection - Parsing relationship: /_rels/.rels
[DEBUG] 2023-11-07 13:41:02.169 [main] POIXMLFactory - using default POIXMLDocumentPart for http://schemas.openxmlformats.org/officeDocument/2006/relationships/printerSettings
[DEBUG] 2023-11-07 13:41:02.170 [main] POIXMLFactory - using default POIXMLDocumentPart for http://schemas.openxmlformats.org/officeDocument/2006/relationships/printerSettings
[DEBUG] 2023-11-07 13:41:02.237 [main] PackageRelationshipCollection - Parsing relationship: /xl/_rels/workbook.xml.rels
[DEBUG] 2023-11-07 13:41:02.238 [main] PackageRelationshipCollection - Parsing relationship: /xl/worksheets/_rels/sheet1.xml.rels
[DEBUG] 2023-11-07 13:41:02.238 [main] PackageRelationshipCollection - Parsing relationship: /xl/worksheets/_rels/sheet2.xml.rels
[DEBUG] 2023-11-07 13:41:02.239 [main] PackageRelationshipCollection - Parsing relationship: /_rels/.rels
[DEBUG] 2023-11-07 13:41:02.248 [main] POIXMLFactory - using default POIXMLDocumentPart for http://schemas.openxmlformats.org/officeDocument/2006/relationships/printerSettings
[DEBUG] 2023-11-07 13:41:02.248 [main] POIXMLFactory - using default POIXMLDocumentPart for http://schemas.openxmlformats.org/officeDocument/2006/relationships/printerSettings
[DEBUG] 2023-11-07 13:41:02.331 [main] ZipPackage - Save core properties part
[DEBUG] 2023-11-07 13:41:02.331 [main] ZipPackage - Save content types part
[DEBUG] 2023-11-07 13:41:02.368 [main] ZipPackage - Save package relationships
[DEBUG] 2023-11-07 13:41:02.371 [main] ZipPackage - Save part 'docProps/app.xml'
[DEBUG] 2023-11-07 13:41:02.371 [main] ZipPackage - Save part 'docProps/core.xml'
[DEBUG] 2023-11-07 13:41:02.373 [main] ZipPackage - Save part 'xl/sharedStrings.xml'
[DEBUG] 2023-11-07 13:41:02.373 [main] ZipPackage - Save part 'xl/styles.xml'
[DEBUG] 2023-11-07 13:41:02.374 [main] ZipPackage - Save part 'xl/workbook.xml'
[DEBUG] 2023-11-07 13:41:02.375 [main] ZipPackage - Save part 'xl/worksheets/sheet1.xml'
[DEBUG] 2023-11-07 13:42:01.369 [main] PackageRelationshipCollection - Parsing relationship: /xl/_rels/workbook.xml.rels
[DEBUG] 2023-11-07 13:42:01.373 [main] PackageRelationshipCollection - Parsing relationship: /xl/worksheets/_rels/sheet1.xml.rels
[DEBUG] 2023-11-07 13:42:01.375 [main] PackageRelationshipCollection - Parsing relationship: /xl/worksheets/_rels/sheet2.xml.rels
[DEBUG] 2023-11-07 13:42:01.376 [main] PackageRelationshipCollection - Parsing relationship: /_rels/.rels
[DEBUG] 2023-11-07 13:42:01.614 [main] POIXMLFactory - using default POIXMLDocumentPart for http://schemas.openxmlformats.org/officeDocument/2006/relationships/printerSettings
[DEBUG] 2023-11-07 13:42:01.614 [main] POIXMLFactory - using default POIXMLDocumentPart for http://schemas.openxmlformats.org/officeDocument/2006/relationships/printerSettings
[DEBUG] 2023-11-07 13:42:01.680 [main] PackageRelationshipCollection - Parsing relationship: /xl/_rels/workbook.xml.rels
[DEBUG] 2023-11-07 13:42:01.681 [main] PackageRelationshipCollection - Parsing relationship: /xl/worksheets/_rels/sheet1.xml.rels
[DEBUG] 2023-11-07 13:42:01.681 [main] PackageRelationshipCollection - Parsing relationship: /xl/worksheets/_rels/sheet2.xml.rels
[DEBUG] 2023-11-07 13:42:01.682 [main] PackageRelationshipCollection - Parsing relationship: /_rels/.rels
[DEBUG] 2023-11-07 13:42:01.690 [main] POIXMLFactory - using default POIXMLDocumentPart for http://schemas.openxmlformats.org/officeDocument/2006/relationships/printerSettings
[DEBUG] 2023-11-07 13:42:01.690 [main] POIXMLFactory - using default POIXMLDocumentPart for http://schemas.openxmlformats.org/officeDocument/2006/relationships/printerSettings
[DEBUG] 2023-11-07 13:42:01.771 [main] ZipPackage - Save core properties part
[DEBUG] 2023-11-07 13:42:01.772 [main] ZipPackage - Save content types part
[DEBUG] 2023-11-07 13:42:01.812 [main] ZipPackage - Save package relationships
[DEBUG] 2023-11-07 13:42:01.815 [main] ZipPackage - Save part 'docProps/app.xml'
[DEBUG] 2023-11-07 13:42:01.815 [main] ZipPackage - Save part 'docProps/core.xml'
[DEBUG] 2023-11-07 13:42:01.817 [main] ZipPackage - Save part 'xl/sharedStrings.xml'
[DEBUG] 2023-11-07 13:42:01.817 [main] ZipPackage - Save part 'xl/styles.xml'
[DEBUG] 2023-11-07 13:42:01.818 [main] ZipPackage - Save part 'xl/workbook.xml'
[DEBUG] 2023-11-07 13:42:01.819 [main] ZipPackage - Save part 'xl/worksheets/sheet1.xml'
[DEBUG] 2023-11-07 13:45:57.030 [main] PackageRelationshipCollection - Parsing relationship: /xl/_rels/workbook.xml.rels
[DEBUG] 2023-11-07 13:45:57.045 [main] PackageRelationshipCollection - Parsing relationship: /xl/worksheets/_rels/sheet1.xml.rels
[DEBUG] 2023-11-07 13:45:57.051 [main] PackageRelationshipCollection - Parsing relationship: /xl/worksheets/_rels/sheet2.xml.rels
[DEBUG] 2023-11-07 13:45:57.056 [main] PackageRelationshipCollection - Parsing relationship: /_rels/.rels
[DEBUG] 2023-11-07 13:45:58.727 [main] POIXMLFactory - using default POIXMLDocumentPart for http://schemas.openxmlformats.org/officeDocument/2006/relationships/printerSettings
[DEBUG] 2023-11-07 13:45:58.728 [main] POIXMLFactory - using default POIXMLDocumentPart for http://schemas.openxmlformats.org/officeDocument/2006/relationships/printerSettings
[DEBUG] 2023-11-07 13:45:59.181 [main] PackageRelationshipCollection - Parsing relationship: /xl/_rels/workbook.xml.rels
[DEBUG] 2023-11-07 13:45:59.189 [main] PackageRelationshipCollection - Parsing relationship: /xl/worksheets/_rels/sheet1.xml.rels
[DEBUG] 2023-11-07 13:45:59.194 [main] PackageRelationshipCollection - Parsing relationship: /xl/worksheets/_rels/sheet2.xml.rels
[DEBUG] 2023-11-07 13:45:59.200 [main] PackageRelationshipCollection - Parsing relationship: /_rels/.rels
[DEBUG] 2023-11-07 13:45:59.290 [main] POIXMLFactory - using default POIXMLDocumentPart for http://schemas.openxmlformats.org/officeDocument/2006/relationships/printerSettings
[DEBUG] 2023-11-07 13:45:59.291 [main] POIXMLFactory - using default POIXMLDocumentPart for http://schemas.openxmlformats.org/officeDocument/2006/relationships/printerSettings
[DEBUG] 2023-11-07 13:45:59.901 [main] ZipPackage - Save core properties part
[DEBUG] 2023-11-07 13:45:59.902 [main] ZipPackage - Save content types part
[DEBUG] 2023-11-07 13:46:01.109 [main] ZipPackage - Save package relationships
[DEBUG] 2023-11-07 13:46:01.116 [main] ZipPackage - Save part 'docProps/app.xml'
[DEBUG] 2023-11-07 13:46:01.117 [main] ZipPackage - Save part 'docProps/core.xml'
[DEBUG] 2023-11-07 13:46:01.123 [main] ZipPackage - Save part 'xl/sharedStrings.xml'
[DEBUG] 2023-11-07 13:46:01.123 [main] ZipPackage - Save part 'xl/styles.xml'
[DEBUG] 2023-11-07 13:46:01.124 [main] ZipPackage - Save part 'xl/workbook.xml'
[DEBUG] 2023-11-07 13:46:01.129 [main] ZipPackage - Save part 'xl/worksheets/sheet1.xml'
[DEBUG] 2023-11-07 13:55:14.159 [main] PackageRelationshipCollection - Parsing relationship: /xl/_rels/workbook.xml.rels
[DEBUG] 2023-11-07 13:55:14.163 [main] PackageRelationshipCollection - Parsing relationship: /xl/worksheets/_rels/sheet1.xml.rels
[DEBUG] 2023-11-07 13:55:14.165 [main] PackageRelationshipCollection - Parsing relationship: /xl/worksheets/_rels/sheet2.xml.rels
[DEBUG] 2023-11-07 13:55:14.166 [main] PackageRelationshipCollection - Parsing relationship: /_rels/.rels
[DEBUG] 2023-11-07 13:55:14.397 [main] POIXMLFactory - using default POIXMLDocumentPart for http://schemas.openxmlformats.org/officeDocument/2006/relationships/printerSettings
[DEBUG] 2023-11-07 13:55:14.398 [main] POIXMLFactory - using default POIXMLDocumentPart for http://schemas.openxmlformats.org/officeDocument/2006/relationships/printerSettings
[DEBUG] 2023-11-07 13:55:14.461 [main] PackageRelationshipCollection - Parsing relationship: /xl/_rels/workbook.xml.rels
[DEBUG] 2023-11-07 13:55:14.462 [main] PackageRelationshipCollection - Parsing relationship: /xl/worksheets/_rels/sheet1.xml.rels
[DEBUG] 2023-11-07 13:55:14.462 [main] PackageRelationshipCollection - Parsing relationship: /xl/worksheets/_rels/sheet2.xml.rels
[DEBUG] 2023-11-07 13:55:14.462 [main] PackageRelationshipCollection - Parsing relationship: /_rels/.rels
[DEBUG] 2023-11-07 13:55:14.471 [main] POIXMLFactory - using default POIXMLDocumentPart for http://schemas.openxmlformats.org/officeDocument/2006/relationships/printerSettings
[DEBUG] 2023-11-07 13:55:14.471 [main] POIXMLFactory - using default POIXMLDocumentPart for http://schemas.openxmlformats.org/officeDocument/2006/relationships/printerSettings
[DEBUG] 2023-11-07 13:55:14.554 [main] ZipPackage - Save core properties part
[DEBUG] 2023-11-07 13:55:14.554 [main] ZipPackage - Save content types part
[DEBUG] 2023-11-07 13:55:14.590 [main] ZipPackage - Save package relationships
[DEBUG] 2023-11-07 13:55:14.593 [main] ZipPackage - Save part 'docProps/app.xml'
[DEBUG] 2023-11-07 13:55:14.593 [main] ZipPackage - Save part 'docProps/core.xml'
[DEBUG] 2023-11-07 13:55:14.595 [main] ZipPackage - Save part 'xl/sharedStrings.xml'
[DEBUG] 2023-11-07 13:55:14.595 [main] ZipPackage - Save part 'xl/styles.xml'
[DEBUG] 2023-11-07 13:55:14.595 [main] ZipPackage - Save part 'xl/workbook.xml'
[DEBUG] 2023-11-07 13:55:14.596 [main] ZipPackage - Save part 'xl/worksheets/sheet1.xml'
